app/build/outputs/logs/manifest-merger-debug-report.txt
-- Merging decision tree log ---
manifest
ADDED from src\main\AndroidManifest.xml:20:1-41:12
INJECTED from src\main\AndroidManifest.xml:20:1-41:12
INJECTED from src\main\AndroidManifest.xml:20:1-41:12
INJECTED from src\main\AndroidManifest.xml:20:1-41:12
INJECTED from src\main\AndroidManifest.xml:20:1-41:12
INJECTED from src\main\AndroidManifest.xml:20:1-41:12
INJECTED from src\main\AndroidManifest.xml:20:1-41:12
	package
		ADDED from src\main\AndroidManifest.xml:21:7-41
		INJECTED from src\main\AndroidManifest.xml
		INJECTED from src\main\AndroidManifest.xml
	android:versionName
		INJECTED from src\main\AndroidManifest.xml
		ADDED from src\main\AndroidManifest.xml:20:1-41:12
		INJECTED from src\main\AndroidManifest.xml
	android:versionCode
		INJECTED from src\main\AndroidManifest.xml
		ADDED from src\main\AndroidManifest.xml:20:1-41:12
		INJECTED from src\main\AndroidManifest.xml
	xmlns:android
		ADDED from src\main\AndroidManifest.xml:20:11-69
application
ADDED from src\main\AndroidManifest.xml:23:3-40:17
	android:label
		ADDED from src\main\AndroidManifest.xml:27:7-39
	android:fullBackupContent
		ADDED from src\main\AndroidManifest.xml:25:7-40
	android:icon
		ADDED from src\main\AndroidManifest.xml:26:7-41
	android:allowBackup
		ADDED from src\main\AndroidManifest.xml:24:7-34
activity#android.app.NativeActivity
ADDED from src\main\AndroidManifest.xml:28:5-39:16
	android:screenOrientation
		ADDED from src\main\AndroidManifest.xml:31:15-52
	android:label
		ADDED from src\main\AndroidManifest.xml:29:15-47
	android:configChanges
		ADDED from src\main\AndroidManifest.xml:30:15-85
	android:theme
		ADDED from src\main\AndroidManifest.xml:32:15-46
	android:name
		ADDED from src\main\AndroidManifest.xml:28:15-56
meta-data#android.app.lib_name
ADDED from src\main\AndroidManifest.xml:33:7-34:41
	android:value
		ADDED from src\main\AndroidManifest.xml:34:18-38
	android:name
		ADDED from src\main\AndroidManifest.xml:33:18-53
intent-filter#action:name:android.intent.action.MAIN+category:name:android.intent.category.LAUNCHER
ADDED from src\main\AndroidManifest.xml:35:7-38:23
action#android.intent.action.MAIN
ADDED from src\main\AndroidManifest.xml:36:9-61
	android:name
		ADDED from src\main\AndroidManifest.xml:36:17-58
category#android.intent.category.LAUNCHER
ADDED from src\main\AndroidManifest.xml:37:9-69
	android:name
		ADDED from src\main\AndroidManifest.xml:37:19-66
uses-sdk
INJECTED from src\main\AndroidManifest.xml reason: use-sdk injection requested
INJECTED from src\main\AndroidManifest.xml
INJECTED from src\main\AndroidManifest.xml
INJECTED from src\main\AndroidManifest.xml
INJECTED from src\main\AndroidManifest.xml
	android:targetSdkVersion
		INJECTED from src\main\AndroidManifest.xml
		ADDED from src\main\AndroidManifest.xml
		INJECTED from src\main\AndroidManifest.xml
	android:minSdkVersion
		INJECTED from src\main\AndroidManifest.xml
		ADDED from src\main\AndroidManifest.xml
		INJECTED from src\main\AndroidManifest.xml